<?xml version="1.0" encoding="utf-8"?><testsuites name="pytest tests"><testsuite name="pytest" errors="0" failures="0" skipped="1" tests="30" time="77.643" timestamp="2026-06-12T15:41:54.644629+00:00" hostname="agent-env-3ee0c6e3-7fe5-43a8-b707-b3c2ba4b8f0d"><testcase classname="backend.tests.test_phase_a_mfa_audit.TestPhaseA_MFA" name="test_01_login_unenrolled_returns_setup_required" time="0.515" /><testcase classname="backend.tests.test_phase_a_mfa_audit.TestPhaseA_MFA" name="test_02_setup_wrong_code_returns_401" time="0.055" /><testcase classname="backend.tests.test_phase_a_mfa_audit.TestPhaseA_MFA" name="test_03_setup_correct_code_enrols_and_returns_recovery_codes" time="0.499" /><testcase classname="backend.tests.test_phase_a_mfa_audit.TestPhaseA_MFA" name="test_04_me_after_setup_shows_mfa_enabled" time="0.049" /><testcase classname="backend.tests.test_phase_a_mfa_audit.TestPhaseA_MFA" name="test_05_replay_consumed_setup_challenge" time="0.052" /><testcase classname="backend.tests.test_phase_a_mfa_audit.TestPhaseA_LoginVerify" name="test_10_login_enrolled_returns_mfa_required" time="0.334" /><testcase classname="backend.tests.test_phase_a_mfa_audit.TestPhaseA_LoginVerify" name="test_11_verify_totp_success_sets_cookie" time="0.064" /><testcase classname="backend.tests.test_phase_a_mfa_audit.TestPhaseA_LoginVerify" name="test_12_verify_recovery_code_path" time="0.435" /><testcase classname="backend.tests.test_phase_a_mfa_audit.TestPhaseA_LoginVerify" name="test_13_replay_recovery_code_rejected" time="0.777" /><testcase classname="backend.tests.test_phase_a_mfa_audit.TestPhaseA_LoginVerify" name="test_14_rate_limit_on_verify" time="65.586" /><testcase classname="backend.tests.test_phase_a_mfa_audit.TestPhaseA_Disable" name="test_20_disable_wrong_password" time="0.336" /><testcase classname="backend.tests.test_phase_a_mfa_audit.TestPhaseA_Disable" name="test_21_disable_wrong_code" time="0.666" /><testcase classname="backend.tests.test_phase_a_mfa_audit.TestPhaseA_Disable" name="test_22_disable_success_then_re_enrol" time="2.240" /><testcase classname="backend.tests.test_phase_a_mfa_audit.TestPhaseA_ForceDisable" name="test_30_create_second_admin_and_enrol" time="2.124" /><testcase classname="backend.tests.test_phase_a_mfa_audit.TestPhaseA_ForceDisable" name="test_31_force_disable_self_rejected" time="0.129" /><testcase classname="backend.tests.test_phase_a_mfa_audit.TestPhaseA_ForceDisable" name="test_32_force_disable_other_succeeds_and_kills_session" time="0.447" /><testcase classname="backend.tests.test_phase_a_mfa_audit.TestPhaseA_Audit" name="test_40_audit_list_shape" time="0.059" /><testcase classname="backend.tests.test_phase_a_mfa_audit.TestPhaseA_Audit" name="test_41_audit_filter_action_login" time="0.049" /><testcase classname="backend.tests.test_phase_a_mfa_audit.TestPhaseA_Audit" name="test_42_audit_filter_admin_id" time="0.102" /><testcase classname="backend.tests.test_phase_a_mfa_audit.TestPhaseA_Audit" name="test_43_audit_q_regex" time="0.053" /><testcase classname="backend.tests.test_phase_a_mfa_audit.TestPhaseA_Audit" name="test_44_audit_captures_recent_actions" time="0.060" /><testcase classname="backend.tests.test_phase_a_mfa_audit.TestPhaseA_Audit" name="test_45_audit_target_type_unmatched" time="0.048" /><testcase classname="backend.tests.test_phase_a_mfa_audit.TestPhaseA_Audit" name="test_46_audit_pagination" time="0.049"><skipped type="pytest.skip" message="only 47 audit rows; need &gt;50 to differentiate slices">/app/backend/tests/test_phase_a_mfa_audit.py:327: only 47 audit rows; need &gt;50 to differentiate slices</skipped></testcase><testcase classname="backend.tests.test_phase_a_mfa_audit.TestPhaseA_Audit" name="test_47_audit_unauth_401" time="0.145" /><testcase classname="backend.tests.test_phase_a_mfa_audit.TestPhaseA_Audit" name="test_48_audit_non_super_admin_403" time="1.906" /><testcase classname="backend.tests.test_phase_a_mfa_audit.TestPhaseA_AdminSanity" name="test_50_admins_list" time="0.044" /><testcase classname="backend.tests.test_phase_a_mfa_audit.TestPhaseA_AdminSanity" name="test_51_customers_list" time="0.046" /><testcase classname="backend.tests.test_phase_a_mfa_audit.TestPhaseA_AdminSanity" name="test_52_dashboard" time="0.047" /><testcase classname="backend.tests.test_phase_a_mfa_audit.TestPhaseA_AdminSanity" name="test_53_settings" time="0.045" /><testcase classname="backend.tests.test_phase_a_mfa_audit.TestPhaseA_CustomerAuthBC" name="test_60_customer_login_and_me" time="0.568" /></testsuite></testsuites>