<?xml version="1.0" encoding="utf-8"?><testsuites name="pytest tests"><testsuite name="pytest" errors="0" failures="0" skipped="1" tests="19" time="6.306" timestamp="2026-06-12T17:25:56.716424+00:00" hostname="agent-env-9638593b-84bb-4c69-a54b-c1bfe15b6b21"><testcase classname="backend.tests.test_phase_c_seo_crm.TestSitemap" name="test_01_sitemap_xml" time="3.557" /><testcase classname="backend.tests.test_phase_c_seo_crm.TestSitemap" name="test_02_sitemap_json_matches" time="0.135" /><testcase classname="backend.tests.test_phase_c_seo_crm.TestWebp" name="test_10_webp_served[/brand/hero_visual.webp]" time="0.157" /><testcase classname="backend.tests.test_phase_c_seo_crm.TestWebp" name="test_10_webp_served[/brand/plan_foundation.webp]" time="0.115" /><testcase classname="backend.tests.test_phase_c_seo_crm.TestWebp" name="test_10_webp_served[/brand/about_visual.webp]" time="0.125" /><testcase classname="backend.tests.test_phase_c_seo_crm.TestWebp" name="test_10_webp_served[/brand/step_account.webp]" time="0.120" /><testcase classname="backend.tests.test_phase_c_seo_crm.TestWebp" name="test_10_webp_served[/brand/avatar_1.webp]" time="0.168" /><testcase classname="backend.tests.test_phase_c_seo_crm.TestCrmStatusAuth" name="test_20_no_cookie_returns_401" time="0.102" /><testcase classname="backend.tests.test_phase_c_seo_crm.TestCrmStatusAuth" name="test_21_customer_session_token_rejected_401" time="0.045" /><testcase classname="backend.tests.test_phase_c_seo_crm.TestCrmStatusAuth" name="test_22_super_admin_session_returns_shape" time="0.076" /><testcase classname="backend.tests.test_phase_c_seo_crm.TestCrmStatusAuth" name="test_23_manager_admin_session_returns_403" time="0.051" /><testcase classname="backend.tests.test_phase_c_seo_crm.TestCrmResyncAuth" name="test_30_no_cookie_returns_401" time="0.096" /><testcase classname="backend.tests.test_phase_c_seo_crm.TestCrmResyncAuth" name="test_31_customer_session_token_rejected_401" time="0.048" /><testcase classname="backend.tests.test_phase_c_seo_crm.TestCrmResyncAuth" name="test_32_manager_admin_session_returns_403" time="0.053" /><testcase classname="backend.tests.test_phase_c_seo_crm.TestCrmResyncAuth" name="test_33_super_admin_no_key_noop_body" time="0.162" /><testcase classname="backend.tests.test_phase_c_seo_crm.TestCrmResyncAuth" name="test_34_audit_row_has_real_admin_id_and_meta" time="0.059"><skipped type="pytest.skip" message="HUBSPOT_API_KEY absent -&gt; admin_crm_resync early-returns before calling _audit; verified adm_* shape via admin.login.">/app/backend/tests/test_phase_c_seo_crm.py:270: HUBSPOT_API_KEY absent -&gt; admin_crm_resync early-returns before calling _audit; verified adm_* shape via admin.login.</skipped></testcase><testcase classname="backend.tests.test_phase_c_seo_crm.TestRegressionUnchanged" name="test_40_admin_dashboard_super" time="0.064" /><testcase classname="backend.tests.test_phase_c_seo_crm.TestRegressionUnchanged" name="test_41_admin_dashboard_no_cookie_401" time="0.091" /><testcase classname="backend.tests.test_phase_c_seo_crm.TestRegressionUnchanged" name="test_42_post_contact_no_auth_creates_unsynced" time="0.993" /></testsuite></testsuites>