<?xml version="1.0" encoding="utf-8"?><testsuites name="pytest tests"><testsuite name="pytest" errors="0" failures="0" skipped="0" tests="5" time="1.158" timestamp="2026-06-12T07:34:14.100974+00:00" hostname="agent-env-751cd4fb-ce3e-490e-a8db-fa3496a8e6a5"><testcase classname="backend.tests.test_fx_and_contact.TestFxRates" name="test_fx_rates_shape" time="0.364" /><testcase classname="backend.tests.test_fx_and_contact.TestFxRates" name="test_fx_rates_cached_30s" time="0.587" /><testcase classname="backend.tests.test_fx_and_contact.TestContact" name="test_contact_full_payload" time="0.050" /><testcase classname="backend.tests.test_fx_and_contact.TestContact" name="test_contact_without_phone" time="0.043" /><testcase classname="backend.tests.test_fx_and_contact.TestContact" name="test_contact_invalid_email_422" time="0.047" /></testsuite></testsuites>