<?xml version="1.0" encoding="utf-8"?><testsuites name="pytest tests"><testsuite name="pytest" errors="0" failures="0" skipped="0" tests="23" time="8.422" timestamp="2026-06-11T23:21:35.961992+00:00" hostname="agent-env-a9ed3e2d-841a-4e3a-8601-399a75f0bcef"><testcase classname="backend.tests.test_iteration_2.TestPasswordReset" name="test_request_for_known_email_returns_dev_token" time="0.611" /><testcase classname="backend.tests.test_iteration_2.TestPasswordReset" name="test_request_for_unknown_email_returns_ok_no_token" time="0.108" /><testcase classname="backend.tests.test_iteration_2.TestPasswordReset" name="test_confirm_flow_full" time="1.677" /><testcase classname="backend.tests.test_iteration_2.TestPasswordReset" name="test_confirm_invalid_token" time="0.099" /><testcase classname="backend.tests.test_iteration_2.TestPasswordReset" name="test_confirm_weak_password_rejected" time="0.590" /><testcase classname="backend.tests.test_iteration_2.TestEmailVerify" name="test_register_returns_verification_token" time="0.382" /><testcase classname="backend.tests.test_iteration_2.TestEmailVerify" name="test_confirm_sets_email_verified_true" time="0.505" /><testcase classname="backend.tests.test_iteration_2.TestEmailVerify" name="test_verify_request_authenticated_returns_dev_token" time="0.390" /><testcase classname="backend.tests.test_iteration_2.TestEmailVerify" name="test_verify_request_already_verified" time="0.516" /><testcase classname="backend.tests.test_iteration_2.TestAdmin" name="test_admin_login_and_is_admin_flag" time="0.451" /><testcase classname="backend.tests.test_iteration_2.TestAdmin" name="test_admin_stats" time="0.046" /><testcase classname="backend.tests.test_iteration_2.TestAdmin" name="test_admin_leads_decrypted" time="0.180" /><testcase classname="backend.tests.test_iteration_2.TestAdmin" name="test_admin_contacts_decrypted" time="0.145" /><testcase classname="backend.tests.test_iteration_2.TestAdmin" name="test_non_admin_forbidden" time="0.164" /><testcase classname="backend.tests.test_iteration_2.TestAdmin" name="test_unauthenticated_admin_endpoints" time="0.340" /><testcase classname="backend.tests.test_iteration_2.TestCheckout" name="test_fund_creates_session_and_persists" time="0.938" /><testcase classname="backend.tests.test_iteration_2.TestCheckout" name="test_fund_below_minimum" time="0.051" /><testcase classname="backend.tests.test_iteration_2.TestCheckout" name="test_fund_above_maximum" time="0.051" /><testcase classname="backend.tests.test_iteration_2.TestCheckout" name="test_fund_requires_auth" time="0.112" /><testcase classname="backend.tests.test_iteration_2.TestCheckout" name="test_status_unknown_session_404" time="0.052" /><testcase classname="backend.tests.test_iteration_2.TestCheckout" name="test_status_other_user_404" time="0.379" /><testcase classname="backend.tests.test_iteration_2.TestHoldings" name="test_holdings_empty_for_new_user" time="0.370" /><testcase classname="backend.tests.test_iteration_2.TestHoldings" name="test_holdings_requires_auth" time="0.112" /></testsuite></testsuites>