<?xml version="1.0" encoding="utf-8"?><testsuites name="pytest tests"><testsuite name="pytest" errors="0" failures="0" skipped="0" tests="38" time="9.613" timestamp="2026-06-12T16:16:46.923340+00:00" hostname="agent-env-3ee0c6e3-7fe5-43a8-b707-b3c2ba4b8f0d"><testcase classname="backend.tests.test_phase_b_admin_bulk.TestCustomerList" name="test_01_list_shape_and_defaults" time="1.937" /><testcase classname="backend.tests.test_phase_b_admin_bulk.TestCustomerList" name="test_02_limit_cap_and_offset_clamp" time="0.120" /><testcase classname="backend.tests.test_phase_b_admin_bulk.TestCustomerList" name="test_03_filter_kyc_verified" time="0.064" /><testcase classname="backend.tests.test_phase_b_admin_bulk.TestCustomerList" name="test_04_filter_q_and_blocked" time="0.124" /><testcase classname="backend.tests.test_phase_b_admin_bulk.TestCustomerList" name="test_05_filter_plan" time="0.060" /><testcase classname="backend.tests.test_phase_b_admin_bulk.TestCustomerList" name="test_06_sort_full_name_asc" time="0.061" /><testcase classname="backend.tests.test_phase_b_admin_bulk.TestCustomerList" name="test_07_invalid_sort_falls_back" time="0.117" /><testcase classname="backend.tests.test_phase_b_admin_bulk.TestCustomerList" name="test_08_pagination_no_overlap" time="0.129" /><testcase classname="backend.tests.test_phase_b_admin_bulk.TestCustomerBulk" name="test_10_bulk_block_then_unblock" time="0.485" /><testcase classname="backend.tests.test_phase_b_admin_bulk.TestCustomerBulk" name="test_11_bulk_block_emits_audit_entries_with_meta_bulk" time="0.073" /><testcase classname="backend.tests.test_phase_b_admin_bulk.TestCustomerBulk" name="test_12_set_kyc_verified_and_audit" time="0.173" /><testcase classname="backend.tests.test_phase_b_admin_bulk.TestCustomerBulk" name="test_13_set_kyc_invalid_status_returns_400" time="0.061" /><testcase classname="backend.tests.test_phase_b_admin_bulk.TestCustomerBulk" name="test_14_bulk_missing_user_lands_in_failed" time="0.111" /><testcase classname="backend.tests.test_phase_b_admin_bulk.TestAdminListAndBulkDelete" name="test_20_create_seed_admins" time="1.173" /><testcase classname="backend.tests.test_phase_b_admin_bulk.TestAdminListAndBulkDelete" name="test_21_list_admins_filters_and_total" time="0.060" /><testcase classname="backend.tests.test_phase_b_admin_bulk.TestAdminListAndBulkDelete" name="test_22_list_admins_active_filter" time="0.176" /><testcase classname="backend.tests.test_phase_b_admin_bulk.TestAdminListAndBulkDelete" name="test_23_bulk_delete_self_and_unknown_and_valid" time="0.120" /><testcase classname="backend.tests.test_phase_b_admin_bulk.TestAdminListAndBulkDelete" name="test_24_cannot_delete_last_super_admin_guard" time="0.230" /><testcase classname="backend.tests.test_phase_b_admin_bulk.TestAdminListAndBulkDelete" name="test_25_bulk_delete_emits_audit_with_meta_bulk" time="0.054" /><testcase classname="backend.tests.test_phase_b_admin_bulk.TestWithdrawalsListAndBulk" name="test_30_list_filters_status_and_q" time="0.056" /><testcase classname="backend.tests.test_phase_b_admin_bulk.TestWithdrawalsListAndBulk" name="test_31_list_sort_amount_desc" time="0.065" /><testcase classname="backend.tests.test_phase_b_admin_bulk.TestWithdrawalsListAndBulk" name="test_32_list_date_range_filter" time="0.062" /><testcase classname="backend.tests.test_phase_b_admin_bulk.TestWithdrawalsListAndBulk" name="test_33_bulk_approve_mixed_partial_failure" time="0.132" /><testcase classname="backend.tests.test_phase_b_admin_bulk.TestWithdrawalsListAndBulk" name="test_34_bulk_reject_remaining_pending" time="0.134" /><testcase classname="backend.tests.test_phase_b_admin_bulk.TestWithdrawalsListAndBulk" name="test_35_bulk_audit_meta_via_bulk" time="0.117" /><testcase classname="backend.tests.test_phase_b_admin_bulk.TestAuthGates" name="test_40_unauth_admins_list_returns_401" time="0.180" /><testcase classname="backend.tests.test_phase_b_admin_bulk.TestAuthGates" name="test_41_unauth_customers_list_returns_401" time="0.102" /><testcase classname="backend.tests.test_phase_b_admin_bulk.TestAuthGates" name="test_42_unauth_bulks_return_401" time="0.380" /><testcase classname="backend.tests.test_phase_b_admin_bulk.TestAuthGates" name="test_43_manager_403_on_super_only_endpoints" time="1.104" /><testcase classname="backend.tests.test_phase_b_admin_bulk.TestAuthGates" name="test_44_manager_customers_scope_assigned" time="0.107" /><testcase classname="backend.tests.test_phase_b_admin_bulk.TestAuthGates" name="test_45_manager_bulk_out_of_scope_lands_in_failed" time="0.098" /><testcase classname="backend.tests.test_phase_b_admin_bulk.TestAuthGates" name="test_46_super_admin_manager_filter" time="0.064" /><testcase classname="backend.tests.test_phase_b_admin_bulk.TestSingleEndpointsBC" name="test_50_single_patch_customer_still_works_and_emits_diff" time="0.116" /><testcase classname="backend.tests.test_phase_b_admin_bulk.TestSingleEndpointsBC" name="test_51_single_admin_delete_still_works" time="0.404" /><testcase classname="backend.tests.test_phase_b_admin_bulk.TestSingleEndpointsBC" name="test_52_single_withdrawal_decide_still_works" time="0.496" /><testcase classname="backend.tests.test_phase_b_admin_bulk.TestBulkAuditFields" name="test_60_bulk_audit_rows_have_ip_and_user_agent" time="0.055" /><testcase classname="backend.tests.test_phase_b_admin_bulk.TestPhaseARegression" name="test_70_admin_me_mfa_still_enabled" time="0.054" /><testcase classname="backend.tests.test_phase_b_admin_bulk.TestPhaseARegression" name="test_71_audit_filters_still_work" time="0.423" /></testsuite></testsuites>