<?xml version="1.0" encoding="utf-8"?><testsuites name="pytest tests"><testsuite name="pytest" errors="0" failures="0" skipped="0" tests="17" time="7.020" timestamp="2026-06-11T20:34:12.230447+00:00" hostname="agent-env-a9ed3e2d-841a-4e3a-8601-399a75f0bcef"><testcase classname="backend.tests.backend_test.TestRoot" name="test_root_ok" time="0.137" /><testcase classname="backend.tests.backend_test.TestAuth" name="test_register_success_and_me" time="0.450" /><testcase classname="backend.tests.backend_test.TestAuth" name="test_register_without_consent" time="0.051" /><testcase classname="backend.tests.backend_test.TestAuth" name="test_register_weak_password" time="0.046" /><testcase classname="backend.tests.backend_test.TestAuth" name="test_register_duplicate_email" time="0.530" /><testcase classname="backend.tests.backend_test.TestAuth" name="test_login_success" time="0.330" /><testcase classname="backend.tests.backend_test.TestAuth" name="test_login_wrong_password" time="0.669" /><testcase classname="backend.tests.backend_test.TestAuth" name="test_me_unauthenticated" time="0.113" /><testcase classname="backend.tests.backend_test.TestAuth" name="test_logout_clears_session" time="0.535" /><testcase classname="backend.tests.backend_test.TestAuth" name="test_bearer_token_works" time="0.445" /><testcase classname="backend.tests.backend_test.TestAuth" name="test_session_exchange_invalid" time="0.197" /><testcase classname="backend.tests.backend_test.TestAuth" name="test_lockout_after_five_failures" time="2.140" /><testcase classname="backend.tests.backend_test.TestLeads" name="test_lead_creation_and_encryption" time="0.132" /><testcase classname="backend.tests.backend_test.TestLeads" name="test_lead_consent_required" time="0.111" /><testcase classname="backend.tests.backend_test.TestContact" name="test_contact_create" time="0.123" /><testcase classname="backend.tests.backend_test.TestMarket" name="test_crypto" time="0.210" /><testcase classname="backend.tests.backend_test.TestMarket" name="test_stocks" time="0.707" /></testsuite></testsuites>