<?xml version="1.0" encoding="utf-8"?><testsuites name="pytest tests"><testsuite name="pytest" errors="0" failures="1" skipped="0" tests="28" time="5.364" timestamp="2026-06-12T04:24:59.220631+00:00" hostname="agent-env-320a7e4d-1236-43f0-922a-b9aacd11ef91"><testcase classname="backend.tests.test_customer_dashboard.TestPortfolioSummary" name="test_summary_shape" time="0.567" /><testcase classname="backend.tests.test_customer_dashboard.TestPortfolioSummary" name="test_summary_requires_auth" time="0.093" /><testcase classname="backend.tests.test_customer_dashboard.TestTransactions" name="test_list_empty" time="0.043" /><testcase classname="backend.tests.test_customer_dashboard.TestTransactions" name="test_list_with_kind_filter" time="0.169" /><testcase classname="backend.tests.test_customer_dashboard.TestTransactions" name="test_requires_auth" time="0.117" /><testcase classname="backend.tests.test_customer_dashboard.TestWithdrawals" name="test_reject_no_holdings" time="0.044" /><testcase classname="backend.tests.test_customer_dashboard.TestWithdrawals" name="test_reject_invalid_bank_fields" time="0.082" /><testcase classname="backend.tests.test_customer_dashboard.TestWithdrawals" name="test_requires_auth" time="0.104" /><testcase classname="backend.tests.test_customer_dashboard.TestWithdrawals" name="test_list_withdrawals_scoped_to_user" time="0.042" /><testcase classname="backend.tests.test_customer_dashboard.TestWithdrawals" name="test_create_with_seeded_holding" time="0.124" /><testcase classname="backend.tests.test_customer_dashboard.TestKyc" name="test_status_endpoint_initial" time="0.083" /><testcase classname="backend.tests.test_customer_dashboard.TestKyc" name="test_upload_rejects_bad_doc_type" time="0.093" /><testcase classname="backend.tests.test_customer_dashboard.TestKyc" name="test_upload_rejects_disallowed_mime" time="0.109" /><testcase classname="backend.tests.test_customer_dashboard.TestKyc" name="test_upload_rejects_empty_file" time="0.093" /><testcase classname="backend.tests.test_customer_dashboard.TestKyc" name="test_upload_rejects_oversized" time="0.607" /><testcase classname="backend.tests.test_customer_dashboard.TestKyc" name="test_upload_success_and_status_submitted" time="0.185" /><testcase classname="backend.tests.test_customer_dashboard.TestKyc" name="test_upload_creates_notification" time="0.083" /><testcase classname="backend.tests.test_customer_dashboard.TestNotifications" name="test_list_returns_unread" time="0.042" /><testcase classname="backend.tests.test_customer_dashboard.TestNotifications" name="test_mark_single" time="0.085" /><testcase classname="backend.tests.test_customer_dashboard.TestNotifications" name="test_mark_all" time="0.123" /><testcase classname="backend.tests.test_customer_dashboard.TestNotifications" name="test_mark_unknown_returns_404" time="0.083" /><testcase classname="backend.tests.test_customer_dashboard.TestProfile" name="test_get_profile" time="0.083" /><testcase classname="backend.tests.test_customer_dashboard.TestProfile" name="test_patch_persists" time="0.167" /><testcase classname="backend.tests.test_customer_dashboard.TestRegression" name="test_holdings_still_works" time="0.046" /><testcase classname="backend.tests.test_customer_dashboard.TestRegression" name="test_auth_me" time="0.042"><failure message="AssertionError: assert 'test_freshcu...5@roobani.dev' == 'TEST_freshcu...5@roobani.dev'&#10;  &#10;  - TEST_freshcustomer_90876b95@roobani.dev&#10;  ? ^^^^&#10;  + test_freshcustomer_90876b95@roobani.dev&#10;  ? ^^^^">backend/tests/test_customer_dashboard.py:325: in test_auth_me
    assert r.json()["email"] == fresh_session["email"]
E   AssertionError: assert 'test_freshcu...5@roobani.dev' == 'TEST_freshcu...5@roobani.dev'
E     
E     - TEST_freshcustomer_90876b95@roobani.dev
E     ? ^^^^
E     + test_freshcustomer_90876b95@roobani.dev
E     ? ^^^^</failure></testcase><testcase classname="backend.tests.test_customer_dashboard.TestRegression" name="test_admin_login" time="0.398" /><testcase classname="backend.tests.test_customer_dashboard.TestIsolation" name="test_withdrawals_not_shared" time="0.726" /><testcase classname="backend.tests.test_customer_dashboard.TestIsolation" name="test_notifications_not_shared" time="0.835" /></testsuite></testsuites>