<?xml version="1.0" encoding="utf-8"?><testsuites name="pytest tests"><testsuite name="pytest" errors="0" failures="0" skipped="0" tests="19" time="4.687" timestamp="2026-06-12T17:13:41.009307+00:00" hostname="agent-env-9638593b-84bb-4c69-a54b-c1bfe15b6b21"><testcase classname="backend.tests.test_phase_c_seo_crm.TestSitemapXml" name="test_01_sitemap_xml_200_and_content_type" time="0.591" /><testcase classname="backend.tests.test_phase_c_seo_crm.TestSitemapXml" name="test_02_sitemap_xml_parses_and_has_expected_routes" time="0.007" /><testcase classname="backend.tests.test_phase_c_seo_crm.TestSitemapXml" name="test_03_sitemap_image_on_home_and_plans" time="0.000" /><testcase classname="backend.tests.test_phase_c_seo_crm.TestSitemapJson" name="test_10_sitemap_json_200_and_matches_xml_paths" time="0.119" /><testcase classname="backend.tests.test_phase_c_seo_crm.TestWebpAssets" name="test_20_webp_served[/brand/hero_visual.webp]" time="0.130" /><testcase classname="backend.tests.test_phase_c_seo_crm.TestWebpAssets" name="test_20_webp_served[/brand/plan_foundation.webp]" time="0.125" /><testcase classname="backend.tests.test_phase_c_seo_crm.TestWebpAssets" name="test_20_webp_served[/brand/about_visual.webp]" time="0.126" /><testcase classname="backend.tests.test_phase_c_seo_crm.TestWebpAssets" name="test_20_webp_served[/brand/step_account.webp]" time="0.159" /><testcase classname="backend.tests.test_phase_c_seo_crm.TestWebpAssets" name="test_20_webp_served[/brand/avatar_1.webp]" time="0.111" /><testcase classname="backend.tests.test_phase_c_seo_crm.TestCrmStatus" name="test_30_status_requires_auth" time="0.103" /><testcase classname="backend.tests.test_phase_c_seo_crm.TestCrmStatus" name="test_31_status_shape" time="0.052" /><testcase classname="backend.tests.test_phase_c_seo_crm.TestCrmResync" name="test_40_resync_requires_auth" time="0.101" /><testcase classname="backend.tests.test_phase_c_seo_crm.TestCrmResync" name="test_41_resync_no_key_is_noop" time="0.204" /><testcase classname="backend.tests.test_phase_c_seo_crm.TestCrmResync" name="test_42_resync_manager_gate" time="0.690" /><testcase classname="backend.tests.test_phase_c_seo_crm.TestRegression" name="test_50_post_contact_no_auth" time="0.145" /><testcase classname="backend.tests.test_phase_c_seo_crm.TestRegression" name="test_51_post_lead_no_auth" time="0.174" /><testcase classname="backend.tests.test_phase_c_seo_crm.TestRegression" name="test_52_admin_contacts_requires_auth" time="0.110" /><testcase classname="backend.tests.test_phase_c_seo_crm.TestRegression" name="test_53_admin_leads_requires_auth" time="0.104" /><testcase classname="backend.tests.test_phase_c_seo_crm.TestStaticHtmlFallback" name="test_60_index_has_single_fallback_description" time="1.564" /></testsuite></testsuites>